INFO:embedding_api:starting up application
INFO:uvicorn.error:Application startup complete.
INFO:uvicorn.error:Shutting down
INFO:uvicorn.error:Waiting for application shutdown.
INFO:embedding_api:shutting down application
INFO:uvicorn.error:Application shutdown complete.
INFO:uvicorn.error:Finished server process [7118]
INFO:embedding_api:starting up app
INFO:uvicorn.error:Application startup complete.
INFO:uvicorn.error:Shutting down
INFO:uvicorn.error:Waiting for application shutdown.
INFO:embedding_api:shutting down app
INFO:uvicorn.error:Application shutdown complete.
INFO:uvicorn.error:Finished server process [7197]
INFO:embedding_api:starting up app
INFO:uvicorn.error:Application startup complete.
INFO:uvicorn.error:Shutting down
INFO:uvicorn.error:Waiting for application shutdown.
INFO:embedding_api:shutting down app
INFO:uvicorn.error:Application shutdown complete.
INFO:uvicorn.error:Finished server process [7356]
INFO:embedding_api:starting up app
INFO:uvicorn.error:Application startup complete.
INFO:uvicorn.error:Shutting down
INFO:uvicorn.error:Waiting for application shutdown.
INFO:embedding_api:shutting down app
INFO:uvicorn.error:Application shutdown complete.
INFO:uvicorn.error:Finished server process [7418]
INFO:embedding_api:starting up app
INFO:uvicorn.error:Application startup complete.
INFO:uvicorn.error:Shutting down
INFO:uvicorn.error:Waiting for application shutdown.
INFO:embedding_api:shutting down app
INFO:uvicorn.error:Application shutdown complete.
INFO:uvicorn.error:Finished server process [7480]
INFO:embedding_api:starting up app
INFO:uvicorn.error:Application startup complete.
INFO:uvicorn.error:Shutting down
INFO:uvicorn.error:Waiting for application shutdown.
INFO:embedding_api:shutting down app
INFO:uvicorn.error:Application shutdown complete.
INFO:uvicorn.error:Finished server process [7539]
INFO:embedding_api:starting up app
INFO:uvicorn.error:Application startup complete.
INFO:uvicorn.error:Shutting down
INFO:uvicorn.error:Waiting for application shutdown.
INFO:embedding_api:shutting down app
INFO:uvicorn.error:Application shutdown complete.
INFO:uvicorn.error:Finished server process [7623]
INFO:embedding_api:starting up app
INFO:uvicorn.error:Application startup complete.
INFO:uvicorn.error:Shutting down
INFO:uvicorn.error:Waiting for application shutdown.
INFO:embedding_api:shutting down app
INFO:uvicorn.error:Application shutdown complete.
INFO:uvicorn.error:Finished server process [7699]
